[www.duoback.co.kr/duoback.html]
[backblue.gif]
[fade.gif]
[index.html]
[cdn.jsdelivr.net/gh/moonspam/NanumBarunGothic@latest/nanumbarungothicsubset.css]
[www.duoback.co.kr/data/icon/favicon/faviconFile.ico]
[www.duoback.co.kr/app/javascript/jquery/jquery.min.js]
[www.duoback.co.kr/app/javascript/jquery/jquery-ui.min.js]
[www.duoback.co.kr/app/javascript/plugin/jquery.poshytip.min.js]
[www.duoback.co.kr/app/javascript/plugin/jquery.activity-indicator-1.0.0.min.js]
[www.duoback.co.kr/app/javascript/plugin/jquery.cookie.js]
[www.duoback.co.kr/app/javascript/plugin/jquery.slides.min.js]
[www.duoback.co.kr/app/javascript/plugin/jquery.placeholder.js]
[www.duoback.co.kr/app/javascript/plugin/validate/jquery.validate.js]
[www.duoback.co.kr/app/javascript/plugin/ezmark/js/jquery.ezmark.min.js]
[www.duoback.co.kr/app/javascript/plugin/custom-select-box.js]
[www.duoback.co.kr/app/javascript/plugin/custom-mobile-pagination.js]
[www.duoback.co.kr/app/javascript/plugin/slick/slick.min.js]
[www.duoback.co.kr/app/javascript/plugin/jquery_swipe/jquery.event.swipe.js]
[www.duoback.co.kr/data/skin/responsive_ver1_default_gl_1/common/swiper.min.js]
[widgets.cre.ma/duoback.co.kr/mobile/init.js]
[widgets.cre.ma/duoback.co.kr/init.js]
[cdn.jsdelivr.net/npm/mobile-detect@1.4.5/mobile-detect.min.js]
[www.google-analytics.com/analytics.js]
[www.duoback.co.kr/app/javascript/js/dev-toolsf8c2.js]
[www.duoback.co.kr/app/javascript/js/goods-display_mobilef8c2.js]
[www.duoback.co.kr/app/javascript/js/designf8c2.js]
[www.duoback.co.kr/app/javascript/js/commonf8c2.js]
[www.duoback.co.kr/app/javascript/js/common-mobilef8c2.js]
[www.duoback.co.kr/duoback.html]
[www.duoback.co.kr/data/font/font.css]
[cdn.jsdelivr.net/gh/moonspam/NanumBarunGothic@latest/nanumbarungothicsubset.css]
[www.duoback.co.kr/data/skin/responsive_ver1_default_gl_1/css/jqueryui/black-tie/jquery-ui-1.8.16.custom.css]
[www.duoback.co.kr/app/javascript/plugin/slick/slick.css]
[www.duoback.co.kr/data/design/goods_info_style.css]
[www.duoback.co.kr/data/design/goods_info_user.css]
[www.duoback.co.kr/data/skin/responsive_ver1_default_gl_1/css/lib.css]
[www.duoback.co.kr/data/skin/responsive_ver1_default_gl_1/css/commonff3e.css]
[www.duoback.co.kr/data/skin/responsive_ver1_default_gl_1/css/board.css]
[www.duoback.co.kr/data/skin/responsive_ver1_default_gl_1/css/buttons.css]
[www.duoback.co.kr/data/skin/responsive_ver1_default_gl_1/css/mobile_pagination.css]
[www.duoback.co.kr/link/cssd4e8.css]
[www.duoback.co.kr/data/skin/responsive_ver1_default_gl_1/css/user.css]
[www.duoback.co.kr/data/skin/responsive_ver1_default_gl_1/css/ab_customff3e.css]
[www.duoback.co.kr/data/skin/responsive_ver1_default_gl_1/css/devd41d.css]
[www.duoback.co.kr/app/javascript/plugin/touchSlider/swiper.css]
[www.duoback.co.kr/app/javascript/plugin/jquery_swipe/jquery_swipe.css]
[www.googletagmanager.com/gtm5445.html]
